<?xml version="1.0" encoding="UTF-8"?>
<!-- Generated by org.testng.reporters.JUnitReportReporter -->
<testsuite hostname="DESKTOP-SNUGBNA" failures="0" tests="1" name="march24.Property_File" time="1.269" errors="0" timestamp="2023-03-28T15:52:55 IST" skipped="0">
  <testcase classname="march24.Property_File" name="verifylogin" time="1.269"/>
  <system-out>
    <![CDATA[Login Success::Dashboard « Stock Accounting       Dashboard « Stock Accounting]]>
  </system-out>
</testsuite> <!-- march24.Property_File -->
