<?xml version="1.0" encoding="UTF-8"?>
<!-- Generated by org.testng.reporters.JUnitReportReporter -->
<testsuite hostname="DESKTOP-SNUGBNA" failures="0" tests="2" name="march24.AdvanceReports" time="14.051" errors="0" timestamp="2023-03-29T14:36:54 IST" skipped="0">
  <testcase classname="march24.AdvanceReports" name="testcase1" time="4.688"/>
  <system-out/>
  <testcase classname="march24.AdvanceReports" name="testcase2" time="9.363"/>
  <system-out/>
</testsuite> <!-- march24.AdvanceReports -->
